<?xml version="1.0" encoding="UTF-8"?>
<!-- Generated by org.testng.reporters.JUnitXMLReporter -->
<testsuite ignored="7" hostname="ASUSTUF" failures="0" tests="1" name="Default test" time="42.75" errors="0" timestamp="2023-05-25T13:29:40 IST">
  <testcase classname="AppiumProject.TestCases" name="tc7" time="13.729"/>
  <testcase classname="AppiumProject.TestCases" name="tc8" time="0.0">
    <ignored/>
  </testcase> <!-- tc8 -->
  <testcase classname="AppiumProject.TestCases" name="tc1" time="0.0">
    <ignored/>
  </testcase> <!-- tc1 -->
  <testcase classname="AppiumProject.TestCases" name="tc2" time="0.0">
    <ignored/>
  </testcase> <!-- tc2 -->
  <testcase classname="AppiumProject.TestCases" name="tc5" time="0.0">
    <ignored/>
  </testcase> <!-- tc5 -->
  <testcase classname="AppiumProject.TestCases" name="tc6" time="0.0">
    <ignored/>
  </testcase> <!-- tc6 -->
  <testcase classname="AppiumProject.TestCases" name="tc3" time="0.0">
    <ignored/>
  </testcase> <!-- tc3 -->
  <testcase classname="AppiumProject.TestCases" name="tc4" time="0.0">
    <ignored/>
  </testcase> <!-- tc4 -->
</testsuite> <!-- Default test -->
