<?xml version="1.0" encoding="UTF-8"?>
<testng-results ignored="7" total="8" passed="1" failed="0" skipped="0">
  <reporter-output>
  </reporter-output>
  <suite started-at="2023-05-25T13:28:58 IST" name="Default suite" finished-at="2023-05-25T13:29:40 IST" duration-ms="42750">
    <groups>
    </groups>
    <test started-at="2023-05-25T13:28:58 IST" name="Default test" finished-at="2023-05-25T13:29:40 IST" duration-ms="42750">
      <class name="AppiumProject.TestCases">
        <test-method is-config="true" signature="setup()[pri:0, instance:AppiumProject.TestCases@5fe94a96]" started-at="2023-05-25T13:28:58 IST" name="setup" finished-at="2023-05-25T13:29:27 IST" duration-ms="28957" status="PASS">
          <reporter-output>
          </reporter-output>
        </test-method> <!-- setup -->
        <test-method signature="tc7()[pri:6, instance:AppiumProject.TestCases@5fe94a96]" started-at="2023-05-25T13:29:27 IST" name="tc7" finished-at="2023-05-25T13:29:40 IST" duration-ms="13729" status="PASS">
          <reporter-output>
          </reporter-output>
        </test-method> <!-- tc7 -->
      </class> <!-- AppiumProject.TestCases -->
    </test> <!-- Default test -->
  </suite> <!-- Default suite -->
</testng-results>
